<?xml version="1.0" encoding="UTF-8"?>
<!-- Generated by org.testng.reporters.JUnitReportReporter -->
<testsuite hostname="DESKTOP-RH03703" failures="0" tests="1" name="Demo.Demo1Test" time="0.060" errors="0" timestamp="2023-07-07T08:52:53 GST" skipped="0">
  <testcase classname="Demo.Demo1Test" name="sample" time="0.060"/>
  <system-out/>
</testsuite> <!-- Demo.Demo1Test -->
