<?xml version="1.0" encoding="UTF-8"?>
<!-- Generated by org.testng.reporters.JUnitReportReporter -->
<testsuite hostname="DESKTOP-RH03703" failures="0" tests="1" name="Demo.Demo2Test" time="43.771" errors="0" timestamp="2023-07-06T09:02:03 GST" skipped="0">
  <testcase classname="Demo.Demo2Test" name="sample1" time="43.771"/>
  <system-out/>
</testsuite> <!-- Demo.Demo2Test -->
